TN:
SF:src\polyfills.ts
FNF:0
FNH:0
DA:58,1
LF:1
LH:1
BRF:0
BRH:0
end_of_record
TN:
SF:src\test.ts
FNF:0
FNH:0
DA:1,1
DA:2,1
DA:3,1
DA:4,1
DA:5,1
DA:6,1
DA:7,1
DA:8,1
DA:9,1
LF:9
LH:9
BRF:0
BRH:0
end_of_record
TN:
SF:src\app\app-routing.module.ts
FNF:0
FNH:0
DA:1,1
DA:2,1
DA:3,1
DA:4,1
DA:5,1
DA:6,1
DA:7,1
DA:8,1
DA:10,1
DA:12,1
DA:27,1
LF:11
LH:11
BRF:0
BRH:0
end_of_record
TN:
SF:src\app\app.component.ts
FNF:0
FNH:0
DA:1,1
DA:8,1
DA:9,2
DA:11,1
LF:4
LH:4
BRF:0
BRH:0
end_of_record
TN:
SF:src\app\components\about\about.component.ts
FN:14,AboutComponent
FN:18,(anonymous_2)
FN:21,(anonymous_3)
FN:22,(anonymous_4)
FN:24,(anonymous_5)
FNF:5
FNH:4
FNDA:2,AboutComponent
FNDA:2,(anonymous_2)
FNDA:3,(anonymous_3)
FNDA:3,(anonymous_4)
FNDA:0,(anonymous_5)
DA:1,1
DA:2,1
DA:3,1
DA:4,1
DA:11,1
DA:12,2
DA:15,2
DA:16,2
DA:17,2
DA:18,1
DA:19,2
DA:21,3
DA:22,3
DA:23,3
DA:25,0
DA:26,0
DA:29,1
LF:17
LH:15
BRF:0
BRH:0
end_of_record
TN:
SF:src\app\components\dashboard\dashboard.component.ts
FN:19,DashboardComponent
FN:26,(anonymous_2)
FN:48,(anonymous_3)
FN:49,(anonymous_4)
FN:50,(anonymous_5)
FN:51,(anonymous_6)
FN:53,(anonymous_7)
FN:54,(anonymous_8)
FN:59,(anonymous_9)
FN:62,(anonymous_10)
FN:67,(anonymous_11)
FN:71,(anonymous_12)
FN:75,(anonymous_13)
FNF:13
FNH:11
FNDA:2,DashboardComponent
FNDA:2,(anonymous_2)
FNDA:12,(anonymous_3)
FNDA:12,(anonymous_4)
FNDA:12,(anonymous_5)
FNDA:12,(anonymous_6)
FNDA:3,(anonymous_7)
FNDA:3,(anonymous_8)
FNDA:3,(anonymous_9)
FNDA:0,(anonymous_10)
FNDA:1,(anonymous_11)
FNDA:1,(anonymous_12)
FNDA:0,(anonymous_13)
DA:1,1
DA:2,1
DA:3,1
DA:4,1
DA:5,1
DA:6,1
DA:13,1
DA:14,2
DA:15,2
DA:16,2
DA:20,2
DA:21,2
DA:22,2
DA:23,2
DA:26,1
DA:27,2
DA:46,2
DA:48,12
DA:49,12
DA:50,12
DA:51,12
DA:53,3
DA:54,3
DA:55,3
DA:56,3
DA:57,3
DA:58,3
DA:59,3
DA:60,3
DA:63,0
DA:64,0
DA:67,1
DA:68,1
DA:69,1
DA:72,1
DA:73,1
DA:74,1
DA:76,0
DA:77,0
DA:81,1
LF:40
LH:36
BRF:0
BRH:0
end_of_record
TN:
SF:src\app\components\header\header.component.ts
FN:12,HeaderComponent
FN:14,(anonymous_2)
FN:16,(anonymous_3)
FNF:3
FNH:3
FNDA:3,HeaderComponent
FNDA:3,(anonymous_2)
FNDA:2,(anonymous_3)
DA:1,1
DA:2,1
DA:3,1
DA:11,1
DA:12,3
DA:14,1
DA:16,1
DA:17,2
DA:18,2
DA:19,2
DA:21,1
LF:11
LH:11
BRF:0
BRH:0
end_of_record
TN:
SF:src\app\components\log-in\log-in.component.ts
FN:20,LogInComponent
FN:24,(anonymous_2)
FN:25,(anonymous_3)
FN:39,(anonymous_4)
FN:41,(anonymous_5)
FN:43,(anonymous_6)
FN:48,(anonymous_7)
FN:52,(anonymous_8)
FN:58,(anonymous_9)
FNF:9
FNH:8
FNDA:3,LogInComponent
FNDA:3,(anonymous_2)
FNDA:3,(anonymous_3)
FNDA:18,(anonymous_4)
FNDA:18,(anonymous_5)
FNDA:1,(anonymous_6)
FNDA:1,(anonymous_7)
FNDA:0,(anonymous_8)
FNDA:1,(anonymous_9)
DA:1,1
DA:2,1
DA:3,1
DA:4,1
DA:6,1
DA:7,1
DA:14,1
DA:15,3
DA:16,3
DA:17,3
DA:19,3
DA:21,3
DA:22,3
DA:23,3
DA:24,3
DA:25,3
DA:26,3
DA:29,3
DA:39,18
DA:41,18
DA:43,1
DA:44,1
DA:46,1
DA:49,1
DA:50,1
DA:53,0
DA:54,0
DA:58,1
DA:59,1
DA:61,1
LF:30
LH:28
BRDA:49,0,0,1
BRDA:49,0,1,0
BRDA:49,1,0,1
BRDA:49,1,1,1
BRF:4
BRH:3
end_of_record
TN:
SF:src\app\components\logout\logout.component.ts
FN:14,LogoutComponent
FN:17,(anonymous_2)
FNF:2
FNH:2
FNDA:2,LogoutComponent
FNDA:3,(anonymous_2)
DA:1,1
DA:4,1
DA:6,1
DA:12,1
DA:13,2
DA:15,2
DA:16,2
DA:17,1
DA:18,3
DA:20,1
LF:10
LH:10
BRF:0
BRH:0
end_of_record
TN:
SF:src\app\components\register\register.component.ts
FN:15,RegisterComponent
FN:24,(anonymous_2)
FN:46,(anonymous_3)
FN:47,(anonymous_4)
FN:48,(anonymous_5)
FN:49,(anonymous_6)
FN:59,(anonymous_7)
FN:63,(anonymous_8)
FN:69,(anonymous_9)
FN:75,(anonymous_10)
FNF:10
FNH:9
FNDA:3,RegisterComponent
FNDA:3,(anonymous_2)
FNDA:18,(anonymous_3)
FNDA:18,(anonymous_4)
FNDA:18,(anonymous_5)
FNDA:12,(anonymous_6)
FNDA:1,(anonymous_7)
FNDA:1,(anonymous_8)
FNDA:0,(anonymous_9)
FNDA:1,(anonymous_10)
DA:1,1
DA:2,1
DA:3,1
DA:4,1
DA:5,1
DA:6,1
DA:13,1
DA:14,3
DA:16,3
DA:17,3
DA:18,3
DA:19,3
DA:20,3
DA:21,3
DA:24,1
DA:25,3
DA:46,18
DA:47,18
DA:48,18
DA:49,1
DA:50,12
DA:51,0
DA:53,12
DA:56,12
DA:59,1
DA:60,1
DA:61,1
DA:64,1
DA:65,1
DA:66,1
DA:70,0
DA:71,0
DA:75,1
DA:76,1
DA:78,1
LF:35
LH:32
BRDA:50,0,0,0
BRDA:50,0,1,12
BRDA:64,1,0,1
BRDA:64,1,1,0
BRF:4
BRH:2
end_of_record
TN:
SF:src\app\components\team\team.component.ts
FN:15,TeamComponent
FN:19,(anonymous_2)
FN:22,(anonymous_3)
FN:23,(anonymous_4)
FN:25,(anonymous_5)
FNF:5
FNH:4
FNDA:2,TeamComponent
FNDA:2,(anonymous_2)
FNDA:3,(anonymous_3)
FNDA:3,(anonymous_4)
FNDA:0,(anonymous_5)
DA:1,1
DA:2,1
DA:3,1
DA:4,1
DA:11,1
DA:12,2
DA:13,2
DA:16,2
DA:17,2
DA:18,2
DA:19,1
DA:20,2
DA:22,3
DA:23,3
DA:24,3
DA:26,0
DA:27,0
DA:30,1
LF:18
LH:16
BRF:0
BRH:0
end_of_record
TN:
SF:src\app\constants\REST_API.ts
FN:1,(anonymous_0)
FNF:1
FNH:1
FNDA:13,(anonymous_0)
DA:1,1
DA:2,12
DA:3,12
DA:7,12
DA:11,1
LF:5
LH:5
BRF:0
BRH:0
end_of_record
TN:
SF:src\app\helpers\auth-guard.ts
FN:6,AuthGuard
FN:10,(anonymous_2)
FNF:2
FNH:2
FNDA:1,AuthGuard
FNDA:1,(anonymous_2)
DA:1,1
DA:2,1
DA:4,1
DA:7,1
DA:10,1
DA:11,1
DA:12,1
DA:13,0
DA:15,1
DA:16,0
DA:19,1
DA:20,1
DA:22,1
LF:13
LH:11
BRDA:12,0,0,0
BRDA:12,0,1,1
BRDA:15,1,0,0
BRDA:15,1,1,1
BRF:4
BRH:2
end_of_record
TN:
SF:src\app\services\AppService.ts
FN:16,AppService
FN:21,(anonymous_2)
FN:25,(anonymous_3)
FN:28,(anonymous_4)
FN:32,(anonymous_5)
FN:36,(anonymous_6)
FN:42,(anonymous_7)
FN:50,(anonymous_8)
FN:57,(anonymous_9)
FN:61,(anonymous_10)
FN:69,(anonymous_11)
FN:73,(anonymous_12)
FN:75,(anonymous_13)
FN:79,(anonymous_14)
FNF:14
FNH:0
FNDA:0,AppService
FNDA:0,(anonymous_2)
FNDA:0,(anonymous_3)
FNDA:0,(anonymous_4)
FNDA:0,(anonymous_5)
FNDA:0,(anonymous_6)
FNDA:0,(anonymous_7)
FNDA:0,(anonymous_8)
FNDA:0,(anonymous_9)
FNDA:0,(anonymous_10)
FNDA:0,(anonymous_11)
FNDA:0,(anonymous_12)
FNDA:0,(anonymous_13)
FNDA:0,(anonymous_14)
DA:1,1
DA:2,1
DA:3,1
DA:4,1
DA:10,1
DA:11,0
DA:16,0
DA:17,0
DA:18,0
DA:21,1
DA:22,0
DA:25,1
DA:26,0
DA:28,1
DA:29,0
DA:32,1
DA:33,0
DA:36,1
DA:37,0
DA:43,0
DA:44,0
DA:45,0
DA:47,0
DA:50,1
DA:51,0
DA:58,0
DA:61,1
DA:62,0
DA:70,0
DA:73,1
DA:74,0
DA:76,0
DA:79,1
DA:80,0
DA:81,0
DA:82,0
DA:84,1
LF:37
LH:15
BRDA:43,0,0,0
BRDA:43,0,1,0
BRDA:43,1,0,0
BRDA:43,1,1,0
BRF:4
BRH:0
end_of_record
